# JRE version: Java(TM) SE Runtime Environment (8.0_291-b10) (build 1.8.0_291-b10)
# Java VM: Java HotSpot(TM) 64-Bit Server VM (25.291-b10 mixed mode windows-amd64 compressed oops)
Heap:
 PSYoungGen      total 235008K, used 223266K [0x0000000716180000, 0x000000072c580000, 0x00000007c0000000)
  eden space 213504K, 100% used [0x0000000716180000,0x0000000723200000,0x0000000723200000)
  from space 21504K, 45% used [0x0000000723200000,0x0000000723b889c8,0x0000000724700000)
  to   space 13824K, 57% used [0x000000072b800000,0x000000072bfc00e0,0x000000072c580000)
 ParOldGen       total 252416K, used 18695K [0x00000005c2400000, 0x00000005d1a80000, 0x0000000716180000)
  object space 252416K, 7% used [0x00000005c2400000,0x00000005c3641f80,0x00000005d1a80000)
 Metaspace       used 42699K, capacity 45502K, committed 45696K, reserved 1089536K
  class space    used 5751K, capacity 6250K, committed 6272K, reserved 1048576K
GC Heap History (10 events):
Event: 2.253 GC heap after
Heap after GC invocations=3 (full 1):
 PSYoungGen      total 152576K, used 0K [0x0000000716180000, 0x0000000728b80000, 0x00000007c0000000)
  eden space 131072K, 0% used [0x0000000716180000,0x0000000716180000,0x000000071e180000)
  from space 21504K, 0% used [0x000000071f680000,0x000000071f680000,0x0000000720b80000)
  to   space 21504K, 0% used [0x000000071e180000,0x000000071e180000,0x000000071f680000)
 ParOldGen       total 178688K, used 8717K [0x00000005c2400000, 0x00000005cd280000, 0x0000000716180000)
  object space 178688K, 4% used [0x00000005c2400000,0x00000005c2c83458,0x00000005cd280000)
 Metaspace       used 20208K, capacity 21248K, committed 21296K, reserved 1067008K
  class space    used 2649K, capacity 2902K, committed 2944K, reserved 1048576K
}
Event: 4.584 GC heap before
{Heap before GC invocations=4 (full 1):
 PSYoungGen      total 152576K, used 131072K [0x0000000716180000, 0x0000000728b80000, 0x00000007c0000000)
  eden space 131072K, 100% used [0x0000000716180000,0x000000071e180000,0x000000071e180000)
  from space 21504K, 0% used [0x000000071f680000,0x000000071f680000,0x0000000720b80000)
  to   space 21504K, 0% used [0x000000071e180000,0x000000071e180000,0x000000071f680000)
 ParOldGen       total 178688K, used 8717K [0x00000005c2400000, 0x00000005cd280000, 0x0000000716180000)
  object space 178688K, 4% used [0x00000005c2400000,0x00000005c2c83458,0x00000005cd280000)
 Metaspace       used 26466K, capacity 27826K, committed 28032K, reserved 1073152K
  class space    used 3564K, capacity 3855K, committed 3968K, reserved 1048576K
Event: 4.587 GC heap after
Heap after GC invocations=4 (full 1):
 PSYoungGen      total 152576K, used 10727K [0x0000000716180000, 0x0000000725c00000, 0x00000007c0000000)
  eden space 131072K, 0% used [0x0000000716180000,0x0000000716180000,0x000000071e180000)
  from space 21504K, 49% used [0x000000071e180000,0x000000071ebf9db0,0x000000071f680000)
  to   space 21504K, 0% used [0x0000000724700000,0x0000000724700000,0x0000000725c00000)
 ParOldGen       total 178688K, used 8789K [0x00000005c2400000, 0x00000005cd280000, 0x0000000716180000)
  object space 178688K, 4% used [0x00000005c2400000,0x00000005c2c95468,0x00000005cd280000)
 Metaspace       used 26466K, capacity 27826K, committed 28032K, reserved 1073152K
  class space    used 3564K, capacity 3855K, committed 3968K, reserved 1048576K
}
Event: 4.987 GC heap before
{Heap before GC invocations=5 (full 1):
 PSYoungGen      total 152576K, used 132545K [0x0000000716180000, 0x0000000725c00000, 0x00000007c0000000)
  eden space 131072K, 92% used [0x0000000716180000,0x000000071d876998,0x000000071e180000)
  from space 21504K, 49% used [0x000000071e180000,0x000000071ebf9db0,0x000000071f680000)
  to   space 21504K, 0% used [0x0000000724700000,0x0000000724700000,0x0000000725c00000)
 ParOldGen       total 178688K, used 8789K [0x00000005c2400000, 0x00000005cd280000, 0x0000000716180000)
  object space 178688K, 4% used [0x00000005c2400000,0x00000005c2c95468,0x00000005cd280000)
 Metaspace       used 33237K, capacity 35268K, committed 35456K, reserved 1079296K
  class space    used 4490K, capacity 4876K, committed 4992K, reserved 1048576K
Event: 4.993 GC heap after
Heap after GC invocations=5 (full 1):
 PSYoungGen      total 235008K, used 13459K [0x0000000716180000, 0x0000000725e00000, 0x00000007c0000000)
  eden space 213504K, 0% used [0x0000000716180000,0x0000000716180000,0x0000000723200000)
  from space 21504K, 62% used [0x0000000724700000,0x0000000725424d38,0x0000000725c00000)
  to   space 21504K, 0% used [0x0000000723200000,0x0000000723200000,0x0000000724700000)
 ParOldGen       total 178688K, used 8797K [0x00000005c2400000, 0x00000005cd280000, 0x0000000716180000)
  object space 178688K, 4% used [0x00000005c2400000,0x00000005c2c97468,0x00000005cd280000)
 Metaspace       used 33237K, capacity 35268K, committed 35456K, reserved 1079296K
  class space    used 4490K, capacity 4876K, committed 4992K, reserved 1048576K
}
Event: 4.993 GC heap before
{Heap before GC invocations=6 (full 2):
 PSYoungGen      total 235008K, used 13459K [0x0000000716180000, 0x0000000725e00000, 0x00000007c0000000)
  eden space 213504K, 0% used [0x0000000716180000,0x0000000716180000,0x0000000723200000)
  from space 21504K, 62% used [0x0000000724700000,0x0000000725424d38,0x0000000725c00000)
  to   space 21504K, 0% used [0x0000000723200000,0x0000000723200000,0x0000000724700000)
 ParOldGen       total 178688K, used 8797K [0x00000005c2400000, 0x00000005cd280000, 0x0000000716180000)
  object space 178688K, 4% used [0x00000005c2400000,0x00000005c2c97468,0x00000005cd280000)
 Metaspace       used 33237K, capacity 35268K, committed 35456K, reserved 1079296K
  class space    used 4490K, capacity 4876K, committed 4992K, reserved 1048576K
Event: 5.014 GC heap after
Heap after GC invocations=6 (full 2):
 PSYoungGen      total 235008K, used 0K [0x0000000716180000, 0x0000000725e00000, 0x00000007c0000000)
  eden space 213504K, 0% used [0x0000000716180000,0x0000000716180000,0x0000000723200000)
  from space 21504K, 0% used [0x0000000724700000,0x0000000724700000,0x0000000725c00000)
  to   space 21504K, 0% used [0x0000000723200000,0x0000000723200000,0x0000000724700000)
 ParOldGen       total 252416K, used 18679K [0x00000005c2400000, 0x00000005d1a80000, 0x0000000716180000)
  object space 252416K, 7% used [0x00000005c2400000,0x00000005c363df80,0x00000005d1a80000)
 Metaspace       used 33237K, capacity 35268K, committed 35456K, reserved 1079296K
  class space    used 4490K, capacity 4876K, committed 4992K, reserved 1048576K
}
Event: 6.175 GC heap before
{Heap before GC invocations=7 (full 2):
 PSYoungGen      total 235008K, used 213504K [0x0000000716180000, 0x0000000725e00000, 0x00000007c0000000)
  eden space 213504K, 100% used [0x0000000716180000,0x0000000723200000,0x0000000723200000)
  from space 21504K, 0% used [0x0000000724700000,0x0000000724700000,0x0000000725c00000)
  to   space 21504K, 0% used [0x0000000723200000,0x0000000723200000,0x0000000724700000)
 ParOldGen       total 252416K, used 18679K [0x00000005c2400000, 0x00000005d1a80000, 0x0000000716180000)
  object space 252416K, 7% used [0x00000005c2400000,0x00000005c363df80,0x00000005d1a80000)
 Metaspace       used 39525K, capacity 42124K, committed 42240K, reserved 1085440K
  class space    used 5333K, capacity 5819K, committed 5888K, reserved 1048576K
Event: 6.179 GC heap after
Heap after GC invocations=7 (full 2):
 PSYoungGen      total 235008K, used 9762K [0x0000000716180000, 0x000000072c580000, 0x00000007c0000000)
  eden space 213504K, 0% used [0x0000000716180000,0x0000000716180000,0x0000000723200000)
  from space 21504K, 45% used [0x0000000723200000,0x0000000723b889c8,0x0000000724700000)
  to   space 13824K, 0% used [0x000000072b800000,0x000000072b800000,0x000000072c580000)
 ParOldGen       total 252416K, used 18687K [0x00000005c2400000, 0x00000005d1a80000, 0x0000000716180000)
  object space 252416K, 7% used [0x00000005c2400000,0x00000005c363ff80,0x00000005d1a80000)
 Metaspace       used 39525K, capacity 42124K, committed 42240K, reserved 1085440K
  class space    used 5333K, capacity 5819K, committed 5888K, reserved 1048576K
}
Event: 4077.664 GC heap before
{Heap before GC invocations=8 (full 2):
 PSYoungGen      total 235008K, used 223266K [0x0000000716180000, 0x000000072c580000, 0x00000007c0000000)
  eden space 213504K, 100% used [0x0000000716180000,0x0000000723200000,0x0000000723200000)
  from space 21504K, 45% used [0x0000000723200000,0x0000000723b889c8,0x0000000724700000)
  to   space 13824K, 0% used [0x000000072b800000,0x000000072b800000,0x000000072c580000)
 ParOldGen       total 252416K, used 18687K [0x00000005c2400000, 0x00000005d1a80000, 0x0000000716180000)
  object space 252416K, 7% used [0x00000005c2400000,0x00000005c363ff80,0x00000005d1a80000)
 Metaspace       used 42699K, capacity 45502K, committed 45696K, reserved 1089536K
  class space    used 5751K, capacity 6250K, committed 6272K, reserved 1048576K

